TN:
SF:src/ContraNFT.sol
DA:75,0
FN:75,ContraNFT.constructor
FNDA:0,ContraNFT.constructor
DA:84,0
BRDA:84,0,0,-
BRDA:84,0,1,-
DA:85,0
BRDA:85,1,0,-
BRDA:85,1,1,-
DA:86,0
BRDA:86,2,0,-
BRDA:86,2,1,-
DA:87,0
BRDA:87,3,0,-
BRDA:87,3,1,-
DA:88,0
DA:89,0
DA:90,0
DA:91,0
DA:92,0
DA:101,0
FN:101,ContraNFT.mint
FNDA:0,ContraNFT.mint
DA:102,0
BRDA:102,4,0,-
DA:103,0
BRDA:103,5,0,-
DA:104,0
BRDA:104,6,0,-
DA:106,0
DA:107,0
DA:108,0
DA:111,0
DA:114,0
DA:117,0
DA:119,0
DA:124,0
FN:124,ContraNFT.pause
FNDA:0,ContraNFT.pause
DA:125,0
DA:126,0
DA:129,0
FN:129,ContraNFT.unpause
FNDA:0,ContraNFT.unpause
DA:130,0
DA:131,0
DA:138,0
FN:138,ContraNFT.setMaxSupply
FNDA:0,ContraNFT.setMaxSupply
DA:139,0
BRDA:139,7,0,-
DA:140,0
DA:141,0
DA:142,0
DA:148,0
FN:148,ContraNFT.setPaymentToken
FNDA:0,ContraNFT.setPaymentToken
DA:149,0
BRDA:149,8,0,-
BRDA:149,8,1,-
DA:150,0
DA:151,0
DA:155,0
FN:155,ContraNFT.setMintPrice
FNDA:0,ContraNFT.setMintPrice
DA:156,0
DA:157,0
DA:162,0
FN:162,ContraNFT.setTreasury
FNDA:0,ContraNFT.setTreasury
DA:163,0
BRDA:163,9,0,-
BRDA:163,9,1,-
DA:164,0
DA:165,0
DA:168,0
FN:168,ContraNFT.setBeneficiary
FNDA:0,ContraNFT.setBeneficiary
DA:169,0
BRDA:169,10,0,-
BRDA:169,10,1,-
DA:170,0
DA:171,0
DA:177,0
FN:177,ContraNFT._baseURI
FNDA:0,ContraNFT._baseURI
DA:178,0
DA:182,0
FN:182,ContraNFT.setBaseURI
FNDA:0,ContraNFT.setBaseURI
DA:183,0
DA:184,0
FNF:11
FNH:0
LF:52
LH:0
BRF:18
BRH:0
end_of_record
